

*******************************************************************************
Tue Mar  8 13:10:29 2016


FIT:    data read from "370a.csv"
        format = z
        #datapoints = 19
        residuals are weighted equally (unit weight)

function used for fitting: f(x)
	f(x)=a*cos(x-90)**2+b
BREAK: Need via and either parameter list or file

*******************************************************************************
Tue Mar  8 13:10:52 2016


FIT:    data read from "370a.csv"
        format = z
        #datapoints = 19
        residuals are weighted equally (unit weight)

function used for fitting: f(x)
	f(x)=a*cos(x-90)**2+b
fitted parameters initialized with current variable values

iter      chisq       delta/lim  lambda   a             b            
   0 4.9490111381e+02   0.00e+00  8.38e-01    1.000000e+00   1.000000e+00
   3 1.6240384672e+02  -6.30e-03  8.38e-04    9.347131e-01   5.217749e+00

After 3 iterations the fit converged.
final sum of squares of residuals : 162.404
rel. change during last iteration : -6.30011e-08

degrees of freedom    (FIT_NDF)                        : 17
rms of residuals      (FIT_STDFIT) = sqrt(WSSR/ndf)    : 3.09082
variance of residuals (reduced chisquare) = WSSR/ndf   : 9.55317

Final set of parameters            Asymptotic Standard Error
=======================            ==========================
a               = 0.934713         +/- 2.015        (215.5%)
b               = 5.21775          +/- 1.28         (24.53%)

correlation matrix of the fit parameters:
                a      b      
a               1.000 
b              -0.832  1.000 


*******************************************************************************
Tue Mar  8 13:13:39 2016


FIT:    data read from "370a.csv" u 1:2
        format = x:z
        #datapoints = 19
        residuals are weighted equally (unit weight)

function used for fitting: f(x)
	f(x)=a*cos(x-90)**2+b
fitted parameters initialized with current variable values

iter      chisq       delta/lim  lambda   a             b            
   0 4.9490111381e+02   0.00e+00  8.38e-01    1.000000e+00   1.000000e+00
   3 1.6240384672e+02  -6.30e-03  8.38e-04    9.347131e-01   5.217749e+00

After 3 iterations the fit converged.
final sum of squares of residuals : 162.404
rel. change during last iteration : -6.30011e-08

degrees of freedom    (FIT_NDF)                        : 17
rms of residuals      (FIT_STDFIT) = sqrt(WSSR/ndf)    : 3.09082
variance of residuals (reduced chisquare) = WSSR/ndf   : 9.55317

Final set of parameters            Asymptotic Standard Error
=======================            ==========================
a               = 0.934713         +/- 2.015        (215.5%)
b               = 5.21775          +/- 1.28         (24.53%)

correlation matrix of the fit parameters:
                a      b      
a               1.000 
b              -0.832  1.000 


*******************************************************************************
Tue Mar  8 13:14:13 2016


FIT:    data read from "370a.csv" u 1:2
        format = x:z
        #datapoints = 19
        residuals are weighted equally (unit weight)

function used for fitting: f(x)
	f(x)=a*cos(x-90)**2+b
fitted parameters initialized with current variable values

iter      chisq       delta/lim  lambda   a             b            
   0 4.9490111381e+02   0.00e+00  8.38e-01    1.000000e+00   1.000000e+00
   3 1.6240384672e+02  -6.30e-03  8.38e-04    9.347131e-01   5.217749e+00

After 3 iterations the fit converged.
final sum of squares of residuals : 162.404
rel. change during last iteration : -6.30011e-08

degrees of freedom    (FIT_NDF)                        : 17
rms of residuals      (FIT_STDFIT) = sqrt(WSSR/ndf)    : 3.09082
variance of residuals (reduced chisquare) = WSSR/ndf   : 9.55317

Final set of parameters            Asymptotic Standard Error
=======================            ==========================
a               = 0.934713         +/- 2.015        (215.5%)
b               = 5.21775          +/- 1.28         (24.53%)

correlation matrix of the fit parameters:
                a      b      
a               1.000 
b              -0.832  1.000 


*******************************************************************************
Tue Mar  8 13:16:27 2016


FIT:    data read from "370a.csv" u 1:2
        format = x:z
        #datapoints = 19
        residuals are weighted equally (unit weight)

function used for fitting: f(x)
	f(x)=a*cos(x-90)**2+0.003
fitted parameters initialized with current variable values

iter      chisq       delta/lim  lambda   a            
   0 6.7227275096e+02   0.00e+00  6.35e-01    1.000000e+00
   3 3.2100539180e+02  -7.57e-05  6.35e-04    7.767971e+00

After 3 iterations the fit converged.
final sum of squares of residuals : 321.005
rel. change during last iteration : -7.57009e-10

degrees of freedom    (FIT_NDF)                        : 18
rms of residuals      (FIT_STDFIT) = sqrt(WSSR/ndf)    : 4.22299
variance of residuals (reduced chisquare) = WSSR/ndf   : 17.8336

Final set of parameters            Asymptotic Standard Error
=======================            ==========================
a               = 7.76797          +/- 1.525        (19.63%)


*******************************************************************************
Tue Mar  8 13:18:42 2016


FIT:    data read from "370a.csv" u 1:2
        format = x:z
        #datapoints = 19
        residuals are weighted equally (unit weight)

function used for fitting: f(x)
	f(x)=a*cos(x+90)**2+0.003
fitted parameters initialized with current variable values

iter      chisq       delta/lim  lambda   a            
   0 6.7215583681e+02   0.00e+00  6.35e-01    1.000000e+00
   3 3.2009676044e+02  -7.61e-05  6.35e-04    7.775594e+00

After 3 iterations the fit converged.
final sum of squares of residuals : 320.097
rel. change during last iteration : -7.60869e-10

degrees of freedom    (FIT_NDF)                        : 18
rms of residuals      (FIT_STDFIT) = sqrt(WSSR/ndf)    : 4.21701
variance of residuals (reduced chisquare) = WSSR/ndf   : 17.7832

Final set of parameters            Asymptotic Standard Error
=======================            ==========================
a               = 7.77559          +/- 1.523        (19.58%)


*******************************************************************************
Tue Mar  8 13:21:48 2016


FIT:    data read from "370a.csv" u 1:2
        format = x:z
        #datapoints = 19
        residuals are weighted equally (unit weight)

function used for fitting: f(x)
	f(x)=a*cos(x+90)**2+0.003
fitted parameters initialized with current variable values

iter      chisq       delta/lim  lambda   a            
   0 6.7215583681e+02   0.00e+00  6.35e-01    1.000000e+00
   3 3.2009676044e+02  -7.61e-05  6.35e-04    7.775594e+00

After 3 iterations the fit converged.
final sum of squares of residuals : 320.097
rel. change during last iteration : -7.60869e-10

degrees of freedom    (FIT_NDF)                        : 18
rms of residuals      (FIT_STDFIT) = sqrt(WSSR/ndf)    : 4.21701
variance of residuals (reduced chisquare) = WSSR/ndf   : 17.7832

Final set of parameters            Asymptotic Standard Error
=======================            ==========================
a               = 7.77559          +/- 1.523        (19.58%)


*******************************************************************************
Tue Mar  8 13:28:02 2016


FIT:    data read from "370a.csv" u 1:2
        format = x:z
        #datapoints = 19
        residuals are weighted equally (unit weight)

function used for fitting: f(x)
	f(x)=a*cos((x+90)*2*pi/360)**2+0.003
fitted parameters initialized with current variable values

iter      chisq       delta/lim  lambda   a            
   0 6.3687001402e+02   0.00e+00  6.39e-01    1.000000e+00
   3 1.2496967402e+01  -3.46e-03  6.39e-04    9.975760e+00

After 3 iterations the fit converged.
final sum of squares of residuals : 12.497
rel. change during last iteration : -3.45633e-08

degrees of freedom    (FIT_NDF)                        : 18
rms of residuals      (FIT_STDFIT) = sqrt(WSSR/ndf)    : 0.833232
variance of residuals (reduced chisquare) = WSSR/ndf   : 0.694276

Final set of parameters            Asymptotic Standard Error
=======================            ==========================
a               = 9.97576          +/- 0.2993       (3%)


*******************************************************************************
Tue Mar  8 13:28:37 2016


FIT:    data read from "370a.csv" u 1:2
        format = x:z
        #datapoints = 19
        residuals are weighted equally (unit weight)

function used for fitting: f(x)
	f(x)=a*cos((x+90)*2*pi/360)**2+b
fitted parameters initialized with current variable values

iter      chisq       delta/lim  lambda   a             b            
   0 4.5940102302e+02   0.00e+00  8.39e-01    1.000000e+00   1.000000e+00
   4 3.8209916337e-02  -2.39e-07  8.39e-05    8.131230e+00   1.432510e+00

After 4 iterations the fit converged.
final sum of squares of residuals : 0.0382099
rel. change during last iteration : -2.3933e-12

degrees of freedom    (FIT_NDF)                        : 17
rms of residuals      (FIT_STDFIT) = sqrt(WSSR/ndf)    : 0.0474093
variance of residuals (reduced chisquare) = WSSR/ndf   : 0.00224764

Final set of parameters            Asymptotic Standard Error
=======================            ==========================
a               = 8.13123          +/- 0.03006      (0.3697%)
b               = 1.43251          +/- 0.0192       (1.34%)

correlation matrix of the fit parameters:
                a      b      
a               1.000 
b              -0.824  1.000 


*******************************************************************************
Tue Mar  8 13:30:00 2016


FIT:    data read from "370a.csv" u 1:2
        format = x:z
        x range restricted to [-90.0000 : 90.0000]
        #datapoints = 19
        residuals are weighted equally (unit weight)

function used for fitting: f(x)
	f(x)=a*cos((x+90)*2*pi/360)**2+b
fitted parameters initialized with current variable values

iter      chisq       delta/lim  lambda   a             b            
   0 4.5940102302e+02   0.00e+00  8.39e-01    1.000000e+00   1.000000e+00
   4 3.8209916337e-02  -2.39e-07  8.39e-05    8.131230e+00   1.432510e+00

After 4 iterations the fit converged.
final sum of squares of residuals : 0.0382099
rel. change during last iteration : -2.3933e-12

degrees of freedom    (FIT_NDF)                        : 17
rms of residuals      (FIT_STDFIT) = sqrt(WSSR/ndf)    : 0.0474093
variance of residuals (reduced chisquare) = WSSR/ndf   : 0.00224764

Final set of parameters            Asymptotic Standard Error
=======================            ==========================
a               = 8.13123          +/- 0.03006      (0.3697%)
b               = 1.43251          +/- 0.0192       (1.34%)

correlation matrix of the fit parameters:
                a      b      
a               1.000 
b              -0.824  1.000 


*******************************************************************************
Tue Mar  8 13:32:06 2016


FIT:    data read from "370a.csv" u 1:2
        format = x:z
        x range restricted to [-90.0000 : 90.0000]
        #datapoints = 19
        residuals are weighted equally (unit weight)

function used for fitting: f(x)
	f(x)=a*cos((x+90)*2*pi/360)**2+b
fitted parameters initialized with current variable values

iter      chisq       delta/lim  lambda   a             b            
   0 4.5940102302e+02   0.00e+00  8.39e-01    1.000000e+00   1.000000e+00
   4 3.8209916337e-02  -2.39e-07  8.39e-05    8.131230e+00   1.432510e+00

After 4 iterations the fit converged.
final sum of squares of residuals : 0.0382099
rel. change during last iteration : -2.3933e-12

degrees of freedom    (FIT_NDF)                        : 17
rms of residuals      (FIT_STDFIT) = sqrt(WSSR/ndf)    : 0.0474093
variance of residuals (reduced chisquare) = WSSR/ndf   : 0.00224764

Final set of parameters            Asymptotic Standard Error
=======================            ==========================
a               = 8.13123          +/- 0.03006      (0.3697%)
b               = 1.43251          +/- 0.0192       (1.34%)

correlation matrix of the fit parameters:
                a      b      
a               1.000 
b              -0.824  1.000 


*******************************************************************************
Tue Mar  8 13:33:15 2016


FIT:    data read from "370a.csv" u 1:2
        format = x:z
        x range restricted to [-90.0000 : 90.0000]
        #datapoints = 19
        residuals are weighted equally (unit weight)

function used for fitting: f(x)
	f(x)=a*cos((x+90)*2*pi/360)**2+b
fitted parameters initialized with current variable values

iter      chisq       delta/lim  lambda   a             b            
   0 4.5940102302e+02   0.00e+00  8.39e-01    1.000000e+00   1.000000e+00
   4 3.8209916337e-02  -2.39e-07  8.39e-05    8.131230e+00   1.432510e+00

After 4 iterations the fit converged.
final sum of squares of residuals : 0.0382099
rel. change during last iteration : -2.3933e-12

degrees of freedom    (FIT_NDF)                        : 17
rms of residuals      (FIT_STDFIT) = sqrt(WSSR/ndf)    : 0.0474093
variance of residuals (reduced chisquare) = WSSR/ndf   : 0.00224764

Final set of parameters            Asymptotic Standard Error
=======================            ==========================
a               = 8.13123          +/- 0.03006      (0.3697%)
b               = 1.43251          +/- 0.0192       (1.34%)

correlation matrix of the fit parameters:
                a      b      
a               1.000 
b              -0.824  1.000 


*******************************************************************************
Tue Mar  8 13:36:35 2016


FIT:    data read from "370a.csv" u 3:4
        format = x:z
        x range restricted to [-90.0000 : 90.0000]
        #datapoints = 19
        residuals are weighted equally (unit weight)

function used for fitting: f(x)
	f(x)=a*cos((x+90)*2*pi/360)**2+b
fitted parameters initialized with current variable values

iter      chisq       delta/lim  lambda   a             b            
   0 4.6837527898e+02   0.00e+00  8.39e-01    1.000000e+00   1.000000e+00
   4 2.8932202821e-02  -3.22e-07  8.39e-05    8.201544e+00   1.436030e+00

After 4 iterations the fit converged.
final sum of squares of residuals : 0.0289322
rel. change during last iteration : -3.22347e-12

degrees of freedom    (FIT_NDF)                        : 17
rms of residuals      (FIT_STDFIT) = sqrt(WSSR/ndf)    : 0.041254
variance of residuals (reduced chisquare) = WSSR/ndf   : 0.00170189

Final set of parameters            Asymptotic Standard Error
=======================            ==========================
a               = 8.20154          +/- 0.02616      (0.319%)
b               = 1.43603          +/- 0.01671      (1.163%)

correlation matrix of the fit parameters:
                a      b      
a               1.000 
b              -0.824  1.000 


*******************************************************************************
Tue Mar  8 13:38:15 2016


FIT:    data read from "370a.csv" u 1:2
        format = x:z
        x range restricted to [-90.0000 : 90.0000]
        #datapoints = 19
        residuals are weighted equally (unit weight)

function used for fitting: f(x)
	f(x)=a*cos((x+90)*2*pi/360)**2+b
fitted parameters initialized with current variable values

iter      chisq       delta/lim  lambda   a             b            
   0 4.5940102302e+02   0.00e+00  8.39e-01    1.000000e+00   1.000000e+00
   4 3.8209916337e-02  -2.39e-07  8.39e-05    8.131230e+00   1.432510e+00

After 4 iterations the fit converged.
final sum of squares of residuals : 0.0382099
rel. change during last iteration : -2.3933e-12

degrees of freedom    (FIT_NDF)                        : 17
rms of residuals      (FIT_STDFIT) = sqrt(WSSR/ndf)    : 0.0474093
variance of residuals (reduced chisquare) = WSSR/ndf   : 0.00224764

Final set of parameters            Asymptotic Standard Error
=======================            ==========================
a               = 8.13123          +/- 0.03006      (0.3697%)
b               = 1.43251          +/- 0.0192       (1.34%)

correlation matrix of the fit parameters:
                a      b      
a               1.000 
b              -0.824  1.000 


*******************************************************************************
Tue Mar  8 13:39:06 2016


FIT:    data read from "370a.csv" u 3:4
        format = x:z
        x range restricted to [-90.0000 : 90.0000]
        #datapoints = 19
        residuals are weighted equally (unit weight)

function used for fitting: f(x)
	f(x)=a*cos((x+90)*2*pi/360)**2+b
fitted parameters initialized with current variable values

iter      chisq       delta/lim  lambda   a             b            
   0 4.6837527898e+02   0.00e+00  8.39e-01    1.000000e+00   1.000000e+00
   4 2.8932202821e-02  -3.22e-07  8.39e-05    8.201544e+00   1.436030e+00

After 4 iterations the fit converged.
final sum of squares of residuals : 0.0289322
rel. change during last iteration : -3.22347e-12

degrees of freedom    (FIT_NDF)                        : 17
rms of residuals      (FIT_STDFIT) = sqrt(WSSR/ndf)    : 0.041254
variance of residuals (reduced chisquare) = WSSR/ndf   : 0.00170189

Final set of parameters            Asymptotic Standard Error
=======================            ==========================
a               = 8.20154          +/- 0.02616      (0.319%)
b               = 1.43603          +/- 0.01671      (1.163%)

correlation matrix of the fit parameters:
                a      b      
a               1.000 
b              -0.824  1.000 


*******************************************************************************
Tue Mar  8 13:40:16 2016


FIT:    data read from "370a.csv" u 3:4
        format = x:z
        x range restricted to [-90.0000 : 90.0000]
        #datapoints = 19
        residuals are weighted equally (unit weight)

function used for fitting: f(x)
	f(x)=a*cos((x+90)*2*pi/360)**2+b
fitted parameters initialized with current variable values

iter      chisq       delta/lim  lambda   a             b            
   0 4.6837527898e+02   0.00e+00  8.39e-01    1.000000e+00   1.000000e+00
   4 2.8932202821e-02  -3.22e-07  8.39e-05    8.201544e+00   1.436030e+00

After 4 iterations the fit converged.
final sum of squares of residuals : 0.0289322
rel. change during last iteration : -3.22347e-12

degrees of freedom    (FIT_NDF)                        : 17
rms of residuals      (FIT_STDFIT) = sqrt(WSSR/ndf)    : 0.041254
variance of residuals (reduced chisquare) = WSSR/ndf   : 0.00170189

Final set of parameters            Asymptotic Standard Error
=======================            ==========================
a               = 8.20154          +/- 0.02616      (0.319%)
b               = 1.43603          +/- 0.01671      (1.163%)

correlation matrix of the fit parameters:
                a      b      
a               1.000 
b              -0.824  1.000 


*******************************************************************************
Tue Mar  8 13:40:29 2016


FIT:    data read from "370a.csv" u 1:2
        format = x:z
        x range restricted to [-90.0000 : 90.0000]
        #datapoints = 19
        residuals are weighted equally (unit weight)

function used for fitting: f(x)
	f(x)=a*cos((x+90)*2*pi/360)**2+b
fitted parameters initialized with current variable values

iter      chisq       delta/lim  lambda   a             b            
   0 4.5940102302e+02   0.00e+00  8.39e-01    1.000000e+00   1.000000e+00
   4 3.8209916337e-02  -2.39e-07  8.39e-05    8.131230e+00   1.432510e+00

After 4 iterations the fit converged.
final sum of squares of residuals : 0.0382099
rel. change during last iteration : -2.3933e-12

degrees of freedom    (FIT_NDF)                        : 17
rms of residuals      (FIT_STDFIT) = sqrt(WSSR/ndf)    : 0.0474093
variance of residuals (reduced chisquare) = WSSR/ndf   : 0.00224764

Final set of parameters            Asymptotic Standard Error
=======================            ==========================
a               = 8.13123          +/- 0.03006      (0.3697%)
b               = 1.43251          +/- 0.0192       (1.34%)

correlation matrix of the fit parameters:
                a      b      
a               1.000 
b              -0.824  1.000 


*******************************************************************************
Tue Mar  8 13:56:30 2016


FIT:    data read from "370a.csv" u 1:2
        format = x:z
        x range restricted to [-90.0000 : 90.0000]
BREAK: No data to fit

*******************************************************************************
Tue Mar  8 14:00:47 2016


FIT:    data read from "370a.csv" u 1:2
        format = x:z
        x range restricted to [-90.0000 : 90.0000]
        #datapoints = 19
        residuals are weighted equally (unit weight)

function used for fitting: f(x)
	f(x)=a*cos(x*2*pi/360)**2+b
fitted parameters initialized with current variable values

iter      chisq       delta/lim  lambda   a             b            
   0 4.0480410254e+02   0.00e+00  8.23e-01    1.000000e+00   1.000000e+00
   4 3.6843887747e-02  -1.76e-07  8.23e-05    8.177755e+00   1.415800e+00

After 4 iterations the fit converged.
final sum of squares of residuals : 0.0368439
rel. change during last iteration : -1.7562e-12

degrees of freedom    (FIT_NDF)                        : 17
rms of residuals      (FIT_STDFIT) = sqrt(WSSR/ndf)    : 0.0465541
variance of residuals (reduced chisquare) = WSSR/ndf   : 0.00216729

Final set of parameters            Asymptotic Standard Error
=======================            ==========================
a               = 8.17776          +/- 0.02952      (0.361%)
b               = 1.4158           +/- 0.0176       (1.243%)

correlation matrix of the fit parameters:
                a      b      
a               1.000 
b              -0.795  1.000 


*******************************************************************************
Tue Mar  8 14:02:15 2016


FIT:    data read from "370a.csv" u 1:2
        format = x:z
        x range restricted to [-180.000 : 180.000]
        #datapoints = 37
        residuals are weighted equally (unit weight)

function used for fitting: f(x)
	f(x)=a*cos(x*2*pi/360)**2+b
fitted parameters initialized with current variable values

iter      chisq       delta/lim  lambda   a             b            
   0 8.7001630200e+02   0.00e+00  8.34e-01    1.000000e+00   1.000000e+00
   4 8.8891765446e-02  -4.95e-09  8.34e-05    8.166454e+00   1.434253e+00

After 4 iterations the fit converged.
final sum of squares of residuals : 0.0888918
rel. change during last iteration : -4.94901e-14

degrees of freedom    (FIT_NDF)                        : 35
rms of residuals      (FIT_STDFIT) = sqrt(WSSR/ndf)    : 0.0503961
variance of residuals (reduced chisquare) = WSSR/ndf   : 0.00253976

Final set of parameters            Asymptotic Standard Error
=======================            ==========================
a               = 8.16645          +/- 0.02314      (0.2834%)
b               = 1.43425          +/- 0.01449      (1.01%)

correlation matrix of the fit parameters:
                a      b      
a               1.000 
b              -0.820  1.000 


*******************************************************************************
Tue Mar  8 14:05:22 2016


FIT:    data read from "370a.csv" u 1:2
        format = x:z
        x range restricted to [-180.000 : 180.000]
BREAK: No data to fit

*******************************************************************************
Tue Mar  8 14:05:41 2016


FIT:    data read from "370a.csv" u 1:2
        format = x:z
        x range restricted to [-180.000 : 180.000]
BREAK: No data to fit

*******************************************************************************
Tue Mar  8 14:07:44 2016


FIT:    data read from "370a.csv" u 1:2
        format = x:z
        x range restricted to [-180.000 : 180.000]
        #datapoints = 37
        residuals are weighted equally (unit weight)

function used for fitting: f(x)
	f(x)=a*cos(x*2*pi/360)**2+b
fitted parameters initialized with current variable values

iter      chisq       delta/lim  lambda   a             b            
   0 8.7001630200e+02   0.00e+00  8.34e-01    1.000000e+00   1.000000e+00
   4 8.8891765446e-02  -4.95e-09  8.34e-05    8.166454e+00   1.434253e+00

After 4 iterations the fit converged.
final sum of squares of residuals : 0.0888918
rel. change during last iteration : -4.94901e-14

degrees of freedom    (FIT_NDF)                        : 35
rms of residuals      (FIT_STDFIT) = sqrt(WSSR/ndf)    : 0.0503961
variance of residuals (reduced chisquare) = WSSR/ndf   : 0.00253976

Final set of parameters            Asymptotic Standard Error
=======================            ==========================
a               = 8.16645          +/- 0.02314      (0.2834%)
b               = 1.43425          +/- 0.01449      (1.01%)

correlation matrix of the fit parameters:
                a      b      
a               1.000 
b              -0.820  1.000 


*******************************************************************************
Tue Mar  8 14:11:07 2016


FIT:    data read from "370a.csv" u 1:2
        format = x:z
        x range restricted to [-180.000 : 180.000]
        #datapoints = 37
        residuals are weighted equally (unit weight)

function used for fitting: f(x)
	f(x)=a*cos(x*2*pi/360)**2+b
fitted parameters initialized with current variable values

iter      chisq       delta/lim  lambda   a             b            
   0 8.7001630200e+02   0.00e+00  8.34e-01    1.000000e+00   1.000000e+00
   4 8.8891765446e-02  -4.95e-09  8.34e-05    8.166454e+00   1.434253e+00

After 4 iterations the fit converged.
final sum of squares of residuals : 0.0888918
rel. change during last iteration : -4.94901e-14

degrees of freedom    (FIT_NDF)                        : 35
rms of residuals      (FIT_STDFIT) = sqrt(WSSR/ndf)    : 0.0503961
variance of residuals (reduced chisquare) = WSSR/ndf   : 0.00253976

Final set of parameters            Asymptotic Standard Error
=======================            ==========================
a               = 8.16645          +/- 0.02314      (0.2834%)
b               = 1.43425          +/- 0.01449      (1.01%)

correlation matrix of the fit parameters:
                a      b      
a               1.000 
b              -0.820  1.000 


*******************************************************************************
Tue Mar  8 14:11:11 2016


FIT:    data read from "370a.csv" u 1:2
        format = x:z
        x range restricted to [-180.000 : 180.000]
        #datapoints = 37
        residuals are weighted equally (unit weight)

function used for fitting: f(x)
	f(x)=a*cos(x*2*pi/360)**2+b
fitted parameters initialized with current variable values

iter      chisq       delta/lim  lambda   a             b            
   0 8.7001630200e+02   0.00e+00  8.34e-01    1.000000e+00   1.000000e+00
   4 8.8891765446e-02  -4.95e-09  8.34e-05    8.166454e+00   1.434253e+00

After 4 iterations the fit converged.
final sum of squares of residuals : 0.0888918
rel. change during last iteration : -4.94901e-14

degrees of freedom    (FIT_NDF)                        : 35
rms of residuals      (FIT_STDFIT) = sqrt(WSSR/ndf)    : 0.0503961
variance of residuals (reduced chisquare) = WSSR/ndf   : 0.00253976

Final set of parameters            Asymptotic Standard Error
=======================            ==========================
a               = 8.16645          +/- 0.02314      (0.2834%)
b               = 1.43425          +/- 0.01449      (1.01%)

correlation matrix of the fit parameters:
                a      b      
a               1.000 
b              -0.820  1.000 


*******************************************************************************
Tue Mar  8 14:14:29 2016


FIT:    data read from "370a.csv" u 1:2
        format = x:z
        x range restricted to [-180.000 : 180.000]
        #datapoints = 37
        residuals are weighted equally (unit weight)

function used for fitting: f(x)
	f(x)=a*cos(x*2*pi/360)**2+b
fitted parameters initialized with current variable values

iter      chisq       delta/lim  lambda   a             b            
   0 8.7001630200e+02   0.00e+00  8.34e-01    1.000000e+00   1.000000e+00
   4 8.8891765446e-02  -4.95e-09  8.34e-05    8.166454e+00   1.434253e+00

After 4 iterations the fit converged.
final sum of squares of residuals : 0.0888918
rel. change during last iteration : -4.94901e-14

degrees of freedom    (FIT_NDF)                        : 35
rms of residuals      (FIT_STDFIT) = sqrt(WSSR/ndf)    : 0.0503961
variance of residuals (reduced chisquare) = WSSR/ndf   : 0.00253976

Final set of parameters            Asymptotic Standard Error
=======================            ==========================
a               = 8.16645          +/- 0.02314      (0.2834%)
b               = 1.43425          +/- 0.01449      (1.01%)

correlation matrix of the fit parameters:
                a      b      
a               1.000 
b              -0.820  1.000 


*******************************************************************************
Tue Mar  8 14:14:30 2016


FIT:    data read from "370a.csv" u 1:2
        format = x:z
        x range restricted to [-180.000 : 180.000]
        #datapoints = 37
        residuals are weighted equally (unit weight)

function used for fitting: f(x)
	f(x)=a*cos(x*2*pi/360)**2+b
fitted parameters initialized with current variable values

iter      chisq       delta/lim  lambda   a             b            
   0 8.7001630200e+02   0.00e+00  8.34e-01    1.000000e+00   1.000000e+00
   4 8.8891765446e-02  -4.95e-09  8.34e-05    8.166454e+00   1.434253e+00

After 4 iterations the fit converged.
final sum of squares of residuals : 0.0888918
rel. change during last iteration : -4.94901e-14

degrees of freedom    (FIT_NDF)                        : 35
rms of residuals      (FIT_STDFIT) = sqrt(WSSR/ndf)    : 0.0503961
variance of residuals (reduced chisquare) = WSSR/ndf   : 0.00253976

Final set of parameters            Asymptotic Standard Error
=======================            ==========================
a               = 8.16645          +/- 0.02314      (0.2834%)
b               = 1.43425          +/- 0.01449      (1.01%)

correlation matrix of the fit parameters:
                a      b      
a               1.000 
b              -0.820  1.000 


*******************************************************************************
Tue Mar  8 14:16:34 2016


FIT:    data read from "370a.csv" u 1:2
        format = x:z
        #datapoints = 37
        residuals are weighted equally (unit weight)

function used for fitting: f(x)
	f(x)=a*cos(x*2*pi/360)**2+b
fitted parameters initialized with current variable values

iter      chisq       delta/lim  lambda   a             b            
   0 8.7001630200e+02   0.00e+00  8.34e-01    1.000000e+00   1.000000e+00
   4 8.8891765446e-02  -4.95e-09  8.34e-05    8.166454e+00   1.434253e+00

After 4 iterations the fit converged.
final sum of squares of residuals : 0.0888918
rel. change during last iteration : -4.94901e-14

degrees of freedom    (FIT_NDF)                        : 35
rms of residuals      (FIT_STDFIT) = sqrt(WSSR/ndf)    : 0.0503961
variance of residuals (reduced chisquare) = WSSR/ndf   : 0.00253976

Final set of parameters            Asymptotic Standard Error
=======================            ==========================
a               = 8.16645          +/- 0.02314      (0.2834%)
b               = 1.43425          +/- 0.01449      (1.01%)

correlation matrix of the fit parameters:
                a      b      
a               1.000 
b              -0.820  1.000 


*******************************************************************************
Tue Mar  8 14:16:46 2016


FIT:    data read from "370a.csv" u 1:2
        format = x:z
        #datapoints = 37
        residuals are weighted equally (unit weight)

function used for fitting: f(x)
	f(x)=a*cos(x*2*pi/360)**2+b
fitted parameters initialized with current variable values

iter      chisq       delta/lim  lambda   a             b            
   0 8.7001630200e+02   0.00e+00  8.34e-01    1.000000e+00   1.000000e+00
   4 8.8891765446e-02  -4.95e-09  8.34e-05    8.166454e+00   1.434253e+00

After 4 iterations the fit converged.
final sum of squares of residuals : 0.0888918
rel. change during last iteration : -4.94901e-14

degrees of freedom    (FIT_NDF)                        : 35
rms of residuals      (FIT_STDFIT) = sqrt(WSSR/ndf)    : 0.0503961
variance of residuals (reduced chisquare) = WSSR/ndf   : 0.00253976

Final set of parameters            Asymptotic Standard Error
=======================            ==========================
a               = 8.16645          +/- 0.02314      (0.2834%)
b               = 1.43425          +/- 0.01449      (1.01%)

correlation matrix of the fit parameters:
                a      b      
a               1.000 
b              -0.820  1.000 


*******************************************************************************
Tue Mar  8 14:21:08 2016


FIT:    data read from "370a.csv" u 1:2
        format = x:z
        #datapoints = 37
        residuals are weighted equally (unit weight)

function used for fitting: f(x)
	f(x)=a*cos(x*2*pi/360)**2+b
fitted parameters initialized with current variable values

iter      chisq       delta/lim  lambda   a             b            
   0 8.7003110330e+02   0.00e+00  8.34e-01    1.000000e+00   1.000000e+00
   4 8.8923776804e-02  -4.71e-09  8.34e-05    8.166551e+00   1.434231e+00

After 4 iterations the fit converged.
final sum of squares of residuals : 0.0889238
rel. change during last iteration : -4.71313e-14

degrees of freedom    (FIT_NDF)                        : 35
rms of residuals      (FIT_STDFIT) = sqrt(WSSR/ndf)    : 0.0504052
variance of residuals (reduced chisquare) = WSSR/ndf   : 0.00254068

Final set of parameters            Asymptotic Standard Error
=======================            ==========================
a               = 8.16655          +/- 0.02314      (0.2834%)
b               = 1.43423          +/- 0.01449      (1.01%)

correlation matrix of the fit parameters:
                a      b      
a               1.000 
b              -0.820  1.000 


*******************************************************************************
Tue Mar  8 17:13:07 2016


FIT:    data read from "370a.csv" u 1:2
        format = x:z
        #datapoints = 37
        residuals are weighted equally (unit weight)

function used for fitting: f(x)
	f(x)=a*cos(x*2*pi/360)**2+b
fitted parameters initialized with current variable values

iter      chisq       delta/lim  lambda   a             b            
   0 8.7003110330e+02   0.00e+00  8.34e-01    1.000000e+00   1.000000e+00
   4 8.8923776804e-02  -4.71e-09  8.34e-05    8.166551e+00   1.434231e+00

After 4 iterations the fit converged.
final sum of squares of residuals : 0.0889238
rel. change during last iteration : -4.71313e-14

degrees of freedom    (FIT_NDF)                        : 35
rms of residuals      (FIT_STDFIT) = sqrt(WSSR/ndf)    : 0.0504052
variance of residuals (reduced chisquare) = WSSR/ndf   : 0.00254068

Final set of parameters            Asymptotic Standard Error
=======================            ==========================
a               = 8.16655          +/- 0.02314      (0.2834%)
b               = 1.43423          +/- 0.01449      (1.01%)

correlation matrix of the fit parameters:
                a      b      
a               1.000 
b              -0.820  1.000 


*******************************************************************************
Tue Mar  8 17:14:00 2016


FIT:    data read from "370a.csv" u 1:2
        format = x:z
        #datapoints = 37
        residuals are weighted equally (unit weight)

function used for fitting: f(x)
	f(x)=a*cos(x*2*pi/360)**2+b
fitted parameters initialized with current variable values

iter      chisq       delta/lim  lambda   a             b            
   0 8.7003110330e+02   0.00e+00  8.34e-01    1.000000e+00   1.000000e+00
   4 8.8923776804e-02  -4.71e-09  8.34e-05    8.166551e+00   1.434231e+00

After 4 iterations the fit converged.
final sum of squares of residuals : 0.0889238
rel. change during last iteration : -4.71313e-14

degrees of freedom    (FIT_NDF)                        : 35
rms of residuals      (FIT_STDFIT) = sqrt(WSSR/ndf)    : 0.0504052
variance of residuals (reduced chisquare) = WSSR/ndf   : 0.00254068

Final set of parameters            Asymptotic Standard Error
=======================            ==========================
a               = 8.16655          +/- 0.02314      (0.2834%)
b               = 1.43423          +/- 0.01449      (1.01%)

correlation matrix of the fit parameters:
                a      b      
a               1.000 
b              -0.820  1.000 


*******************************************************************************
Tue Mar  8 17:14:21 2016


FIT:    data read from "370a.csv" u 1:2
        format = x:z
        #datapoints = 37
        residuals are weighted equally (unit weight)

function used for fitting: f(x)
	f(x)=a*cos(x*2*pi/360)**2+b
fitted parameters initialized with current variable values

iter      chisq       delta/lim  lambda   a             b            
   0 8.7003110330e+02   0.00e+00  8.34e-01    1.000000e+00   1.000000e+00
   4 8.8923776804e-02  -4.71e-09  8.34e-05    8.166551e+00   1.434231e+00

After 4 iterations the fit converged.
final sum of squares of residuals : 0.0889238
rel. change during last iteration : -4.71313e-14

degrees of freedom    (FIT_NDF)                        : 35
rms of residuals      (FIT_STDFIT) = sqrt(WSSR/ndf)    : 0.0504052
variance of residuals (reduced chisquare) = WSSR/ndf   : 0.00254068

Final set of parameters            Asymptotic Standard Error
=======================            ==========================
a               = 8.16655          +/- 0.02314      (0.2834%)
b               = 1.43423          +/- 0.01449      (1.01%)

correlation matrix of the fit parameters:
                a      b      
a               1.000 
b              -0.820  1.000 


*******************************************************************************
Tue Mar  8 17:15:27 2016


FIT:    data read from "370a.csv" u 1:2
        format = x:z
        x range restricted to [-180.000 : 180.000]
        #datapoints = 37
        residuals are weighted equally (unit weight)

function used for fitting: f(x)
	f(x)=a*cos(x*2*pi/360)**2+b
fitted parameters initialized with current variable values

iter      chisq       delta/lim  lambda   a             b            
   0 8.7003110330e+02   0.00e+00  8.34e-01    1.000000e+00   1.000000e+00
   4 8.8923776804e-02  -4.71e-09  8.34e-05    8.166551e+00   1.434231e+00

After 4 iterations the fit converged.
final sum of squares of residuals : 0.0889238
rel. change during last iteration : -4.71313e-14

degrees of freedom    (FIT_NDF)                        : 35
rms of residuals      (FIT_STDFIT) = sqrt(WSSR/ndf)    : 0.0504052
variance of residuals (reduced chisquare) = WSSR/ndf   : 0.00254068

Final set of parameters            Asymptotic Standard Error
=======================            ==========================
a               = 8.16655          +/- 0.02314      (0.2834%)
b               = 1.43423          +/- 0.01449      (1.01%)

correlation matrix of the fit parameters:
                a      b      
a               1.000 
b              -0.820  1.000 


*******************************************************************************
Tue Mar  8 17:16:10 2016


FIT:    data read from "370a.csv" u 1:2
        format = x:z
        x range restricted to [-180.000 : 180.000]
        #datapoints = 37
        residuals are weighted equally (unit weight)

function used for fitting: f(x)
	f(x)=a*cos(x*2*pi/360)**2+b
fitted parameters initialized with current variable values

iter      chisq       delta/lim  lambda   a             b            
   0 8.7003110330e+02   0.00e+00  8.34e-01    1.000000e+00   1.000000e+00
   4 8.8923776804e-02  -4.71e-09  8.34e-05    8.166551e+00   1.434231e+00

After 4 iterations the fit converged.
final sum of squares of residuals : 0.0889238
rel. change during last iteration : -4.71313e-14

degrees of freedom    (FIT_NDF)                        : 35
rms of residuals      (FIT_STDFIT) = sqrt(WSSR/ndf)    : 0.0504052
variance of residuals (reduced chisquare) = WSSR/ndf   : 0.00254068

Final set of parameters            Asymptotic Standard Error
=======================            ==========================
a               = 8.16655          +/- 0.02314      (0.2834%)
b               = 1.43423          +/- 0.01449      (1.01%)

correlation matrix of the fit parameters:
                a      b      
a               1.000 
b              -0.820  1.000 


*******************************************************************************
Tue Mar  8 17:16:35 2016


FIT:    data read from "370a.csv" u 1:2
        format = x:z
        x range restricted to [-180.000 : 180.000]
        #datapoints = 37
        residuals are weighted equally (unit weight)

function used for fitting: f(x)
	f(x)=a*cos(x*2*pi/360)**2+b
fitted parameters initialized with current variable values

iter      chisq       delta/lim  lambda   a             b            
   0 8.7003110330e+02   0.00e+00  8.34e-01    1.000000e+00   1.000000e+00
   4 8.8923776804e-02  -4.71e-09  8.34e-05    8.166551e+00   1.434231e+00

After 4 iterations the fit converged.
final sum of squares of residuals : 0.0889238
rel. change during last iteration : -4.71313e-14

degrees of freedom    (FIT_NDF)                        : 35
rms of residuals      (FIT_STDFIT) = sqrt(WSSR/ndf)    : 0.0504052
variance of residuals (reduced chisquare) = WSSR/ndf   : 0.00254068

Final set of parameters            Asymptotic Standard Error
=======================            ==========================
a               = 8.16655          +/- 0.02314      (0.2834%)
b               = 1.43423          +/- 0.01449      (1.01%)

correlation matrix of the fit parameters:
                a      b      
a               1.000 
b              -0.820  1.000 


*******************************************************************************
Tue Mar  8 17:20:26 2016


FIT:    data read from "370a.csv" u 1:2
        format = x:z
        x range restricted to [-180.000 : 180.000]
        #datapoints = 37
        residuals are weighted equally (unit weight)

function used for fitting: f(x)
	f(x)=a*cos(x*2*pi/360)**2+b
fitted parameters initialized with current variable values

iter      chisq       delta/lim  lambda   a             b            
   0 8.7003110330e+02   0.00e+00  8.34e-01    1.000000e+00   1.000000e+00
   4 8.8923776804e-02  -4.71e-09  8.34e-05    8.166551e+00   1.434231e+00

After 4 iterations the fit converged.
final sum of squares of residuals : 0.0889238
rel. change during last iteration : -4.71313e-14

degrees of freedom    (FIT_NDF)                        : 35
rms of residuals      (FIT_STDFIT) = sqrt(WSSR/ndf)    : 0.0504052
variance of residuals (reduced chisquare) = WSSR/ndf   : 0.00254068

Final set of parameters            Asymptotic Standard Error
=======================            ==========================
a               = 8.16655          +/- 0.02314      (0.2834%)
b               = 1.43423          +/- 0.01449      (1.01%)

correlation matrix of the fit parameters:
                a      b      
a               1.000 
b              -0.820  1.000 


*******************************************************************************
Tue Mar  8 18:14:29 2016


FIT:    data read from "370b.csv" u 1:3
        format = x:z
        #datapoints = 7
        residuals are weighted equally (unit weight)

function used for fitting: f(x)
	f(x)=a+b/x
fitted parameters initialized with current variable values

iter      chisq       delta/lim  lambda   a             b            
   0 2.0153956598e+01   0.00e+00  7.10e-01    1.000000e+00   1.000000e+00
   4 2.2698298677e+00  -7.47e-04  7.10e-05    2.808596e+00   8.165843e+00

After 4 iterations the fit converged.
final sum of squares of residuals : 2.26983
rel. change during last iteration : -7.46827e-09

degrees of freedom    (FIT_NDF)                        : 5
rms of residuals      (FIT_STDFIT) = sqrt(WSSR/ndf)    : 0.67377
variance of residuals (reduced chisquare) = WSSR/ndf   : 0.453966

Final set of parameters            Asymptotic Standard Error
=======================            ==========================
a               = 2.8086           +/- 0.2896       (10.31%)
b               = 8.16584          +/- 2.965        (36.3%)

correlation matrix of the fit parameters:
                a      b      
a               1.000 
b               0.476  1.000 


*******************************************************************************
Tue Mar  8 18:17:35 2016


FIT:    data read from "370b.csv" u 1:3
        format = x:z
        #datapoints = 7
        residuals are weighted equally (unit weight)

function used for fitting: f(x)
	f(x)=a+b*x
fitted parameters initialized with current variable values

iter      chisq       delta/lim  lambda   a             b            
   0 1.0397229109e+26   0.00e+00  4.13e+01    1.000000e+00   1.000000e+00
   5 6.9253220778e+24  -2.45e-05  4.13e-04    3.606482e+12  -8.286011e+09

After 5 iterations the fit converged.
final sum of squares of residuals : 6.92532e+24
rel. change during last iteration : -2.45497e-10

degrees of freedom    (FIT_NDF)                        : 5
rms of residuals      (FIT_STDFIT) = sqrt(WSSR/ndf)    : 1.17689e+12
variance of residuals (reduced chisquare) = WSSR/ndf   : 1.38506e+24

Final set of parameters            Asymptotic Standard Error
=======================            ==========================
a               = 3.60648e+12      +/- 4.521e+11    (12.54%)
b               = -8.28601e+09     +/- 7.746e+09    (93.49%)

correlation matrix of the fit parameters:
                a      b      
a               1.000 
b               0.179  1.000 


*******************************************************************************
Tue Mar  8 18:18:49 2016


FIT:    data read from "370b.csv" u 3:1
        format = x:z
        #datapoints = 7
        residuals are weighted equally (unit weight)

function used for fitting: f(x)
	f(x)=a+b*x
fitted parameters initialized with current variable values

iter      chisq       delta/lim  lambda   a             b            
   0 1.0397229109e+26   0.00e+00  2.73e+12    1.000000e+00   1.000000e+00
   5 2.1717854237e+04  -2.82e-07  2.73e+07    1.000000e+00  -4.680928e-12

After 5 iterations the fit converged.
final sum of squares of residuals : 21717.9
rel. change during last iteration : -2.82172e-12

degrees of freedom    (FIT_NDF)                        : 5
rms of residuals      (FIT_STDFIT) = sqrt(WSSR/ndf)    : 65.9058
variance of residuals (reduced chisquare) = WSSR/ndf   : 4343.57

Final set of parameters            Asymptotic Standard Error
=======================            ==========================
a               = 1                +/- 87.07        (8707%)
b               = -4.68093e-12     +/- 2.259e-11    (482.6%)

correlation matrix of the fit parameters:
                a      b      
a               1.000 
b              -0.958  1.000 


*******************************************************************************
Tue Mar  8 18:20:10 2016


FIT:    data read from "370b.csv" u 3:1
        format = x:z
        #datapoints = 7
        residuals are weighted equally (unit weight)

function used for fitting: f(x)
	f(x)=a+b*x
fitted parameters initialized with current variable values

iter      chisq       delta/lim  lambda   a             b            
   0 1.0397229109e+26   0.00e+00  2.73e+12    1.000000e+00   1.000000e+00
   5 3.4031287038e+04  -1.80e-07  2.73e+07    1.000000e+00   1.749181e-11

After 5 iterations the fit converged.
final sum of squares of residuals : 34031.3
rel. change during last iteration : -1.80085e-12

degrees of freedom    (FIT_NDF)                        : 5
rms of residuals      (FIT_STDFIT) = sqrt(WSSR/ndf)    : 82.5
variance of residuals (reduced chisquare) = WSSR/ndf   : 6806.26

Final set of parameters            Asymptotic Standard Error
=======================            ==========================
a               = 1                +/- 109          (1.09e+04%)
b               = 1.74918e-11      +/- 2.828e-11    (161.7%)

correlation matrix of the fit parameters:
                a      b      
a               1.000 
b              -0.958  1.000 


*******************************************************************************
Tue Mar  8 19:42:26 2016


FIT:    data read from "370b.csv" u 3:1
        format = x:z
BREAK: No data to fit

*******************************************************************************
Tue Mar  8 19:44:02 2016


FIT:    data read from "370b.csv" u 3:1
        format = x:z
        #datapoints = 7
        residuals are weighted equally (unit weight)

function used for fitting: f(x)
	f(x)=a+b*x
fitted parameters initialized with current variable values

iter      chisq       delta/lim  lambda   a             b            
   0 1.4892920000e+04   0.00e+00  1.00e+00    1.000000e+00   1.000000e+00
   3 1.0233440000e+04  -1.03e-04  1.00e-03    1.390000e+01   1.390000e+01

After 3 iterations the fit converged.
final sum of squares of residuals : 10233.4
rel. change during last iteration : -1.031e-09

degrees of freedom    (FIT_NDF)                        : 5
rms of residuals      (FIT_STDFIT) = sqrt(WSSR/ndf)    : 45.2403
variance of residuals (reduced chisquare) = WSSR/ndf   : 2046.69

Final set of parameters            Asymptotic Standard Error
=======================            ==========================
a               = 13.9             +/- 1.089e+17    (7.835e+17%)
b               = 13.9             +/- 1.089e+17    (7.835e+17%)

correlation matrix of the fit parameters:
                a      b      
a               1.000 
b              -1.000  1.000 


*******************************************************************************
Tue Mar  8 19:45:34 2016


FIT:    data read from "370b.csv" u 2:1
        format = x:z
        #datapoints = 7
        residuals are weighted equally (unit weight)

function used for fitting: f(x)
	f(x)=a+b*x
fitted parameters initialized with current variable values

iter      chisq       delta/lim  lambda   a             b            
   0 1.9497419200e+06   0.00e+00  3.87e+02    1.000000e+00   1.000000e+00
   7 6.0190501904e+02  -2.00e-07  3.87e-05    2.582528e+02  -4.269903e-01

After 7 iterations the fit converged.
final sum of squares of residuals : 601.905
rel. change during last iteration : -1.99909e-12

degrees of freedom    (FIT_NDF)                        : 5
rms of residuals      (FIT_STDFIT) = sqrt(WSSR/ndf)    : 10.9718
variance of residuals (reduced chisquare) = WSSR/ndf   : 120.381

Final set of parameters            Asymptotic Standard Error
=======================            ==========================
a               = 258.253          +/- 26.1         (10.1%)
b               = -0.42699         +/- 0.04774      (11.18%)

correlation matrix of the fit parameters:
                a      b      
a               1.000 
b              -0.987  1.000 


*******************************************************************************
Tue Mar  8 19:48:25 2016


FIT:    data read from "370b.csv" u 2:1
        format = x:z
        #datapoints = 7
        residuals are weighted equally (unit weight)

function used for fitting: f(x)
	f(x)=a+b*x
fitted parameters initialized with current variable values

iter      chisq       delta/lim  lambda   a             b            
   0 1.9497419200e+06   0.00e+00  3.87e+02    1.000000e+00   1.000000e+00
   7 6.0190501904e+02  -2.00e-07  3.87e-05    2.582528e+02  -4.269903e-01

After 7 iterations the fit converged.
final sum of squares of residuals : 601.905
rel. change during last iteration : -1.99909e-12

degrees of freedom    (FIT_NDF)                        : 5
rms of residuals      (FIT_STDFIT) = sqrt(WSSR/ndf)    : 10.9718
variance of residuals (reduced chisquare) = WSSR/ndf   : 120.381

Final set of parameters            Asymptotic Standard Error
=======================            ==========================
a               = 258.253          +/- 26.1         (10.1%)
b               = -0.42699         +/- 0.04774      (11.18%)

correlation matrix of the fit parameters:
                a      b      
a               1.000 
b              -0.987  1.000 


*******************************************************************************
Tue Mar  8 19:49:14 2016


FIT:    data read from "370b.csv" u 2:1
        format = x:z
        x range restricted to [430.000 : 694.000]
        #datapoints = 7
        residuals are weighted equally (unit weight)

function used for fitting: f(x)
	f(x)=a+b*x
fitted parameters initialized with current variable values

iter      chisq       delta/lim  lambda   a             b            
   0 1.9497419200e+06   0.00e+00  3.87e+02    1.000000e+00   1.000000e+00
   7 6.0190501904e+02  -2.00e-07  3.87e-05    2.582528e+02  -4.269903e-01

After 7 iterations the fit converged.
final sum of squares of residuals : 601.905
rel. change during last iteration : -1.99909e-12

degrees of freedom    (FIT_NDF)                        : 5
rms of residuals      (FIT_STDFIT) = sqrt(WSSR/ndf)    : 10.9718
variance of residuals (reduced chisquare) = WSSR/ndf   : 120.381

Final set of parameters            Asymptotic Standard Error
=======================            ==========================
a               = 258.253          +/- 26.1         (10.1%)
b               = -0.42699         +/- 0.04774      (11.18%)

correlation matrix of the fit parameters:
                a      b      
a               1.000 
b              -0.987  1.000 


*******************************************************************************
Tue Mar  8 19:50:09 2016


FIT:    data read from "370b.csv" u 2:1
        format = x:z
        x range restricted to [420.000 : 700.000]
        #datapoints = 7
        residuals are weighted equally (unit weight)

function used for fitting: f(x)
	f(x)=a+b*x
fitted parameters initialized with current variable values

iter      chisq       delta/lim  lambda   a             b            
   0 1.9497419200e+06   0.00e+00  3.87e+02    1.000000e+00   1.000000e+00
   7 6.0190501904e+02  -2.00e-07  3.87e-05    2.582528e+02  -4.269903e-01

After 7 iterations the fit converged.
final sum of squares of residuals : 601.905
rel. change during last iteration : -1.99909e-12

degrees of freedom    (FIT_NDF)                        : 5
rms of residuals      (FIT_STDFIT) = sqrt(WSSR/ndf)    : 10.9718
variance of residuals (reduced chisquare) = WSSR/ndf   : 120.381

Final set of parameters            Asymptotic Standard Error
=======================            ==========================
a               = 258.253          +/- 26.1         (10.1%)
b               = -0.42699         +/- 0.04774      (11.18%)

correlation matrix of the fit parameters:
                a      b      
a               1.000 
b              -0.987  1.000 


*******************************************************************************
Tue Mar  8 19:50:31 2016


FIT:    data read from "370b.csv" u 2:1
        format = x:z
        x range restricted to [420.000 : 700.000]
        #datapoints = 7
        residuals are weighted equally (unit weight)

function used for fitting: f(x)
	f(x)=a+b*x
fitted parameters initialized with current variable values

iter      chisq       delta/lim  lambda   a             b            
   0 1.9497419200e+06   0.00e+00  3.87e+02    1.000000e+00   1.000000e+00
   7 6.0190501904e+02  -2.00e-07  3.87e-05    2.582528e+02  -4.269903e-01

After 7 iterations the fit converged.
final sum of squares of residuals : 601.905
rel. change during last iteration : -1.99909e-12

degrees of freedom    (FIT_NDF)                        : 5
rms of residuals      (FIT_STDFIT) = sqrt(WSSR/ndf)    : 10.9718
variance of residuals (reduced chisquare) = WSSR/ndf   : 120.381

Final set of parameters            Asymptotic Standard Error
=======================            ==========================
a               = 258.253          +/- 26.1         (10.1%)
b               = -0.42699         +/- 0.04774      (11.18%)

correlation matrix of the fit parameters:
                a      b      
a               1.000 
b              -0.987  1.000 


*******************************************************************************
Tue Mar  8 19:56:34 2016


FIT:    data read from "370b.csv" u 2:1
        format = x:z
        x range restricted to [420.000 : 700.000]
        #datapoints = 7
        residuals are weighted equally (unit weight)

function used for fitting: f(x)
	f(x)=a+b*x
fitted parameters initialized with current variable values

iter      chisq       delta/lim  lambda   a             b            
   0 1.9497419200e+06   0.00e+00  3.87e+02    1.000000e+00   1.000000e+00
   7 6.0190501904e+02  -2.00e-07  3.87e-05    2.582528e+02  -4.269903e-01

After 7 iterations the fit converged.
final sum of squares of residuals : 601.905
rel. change during last iteration : -1.99909e-12

degrees of freedom    (FIT_NDF)                        : 5
rms of residuals      (FIT_STDFIT) = sqrt(WSSR/ndf)    : 10.9718
variance of residuals (reduced chisquare) = WSSR/ndf   : 120.381

Final set of parameters            Asymptotic Standard Error
=======================            ==========================
a               = 258.253          +/- 26.1         (10.1%)
b               = -0.42699         +/- 0.04774      (11.18%)

correlation matrix of the fit parameters:
                a      b      
a               1.000 
b              -0.987  1.000 


*******************************************************************************
Tue Mar  8 19:57:00 2016


FIT:    data read from "370b.csv" u 2:1
        format = x:z
        #datapoints = 7
        residuals are weighted equally (unit weight)

function used for fitting: f(x)
	f(x)=a+b*x
fitted parameters initialized with current variable values

iter      chisq       delta/lim  lambda   a             b            
   0 1.9497419200e+06   0.00e+00  3.87e+02    1.000000e+00   1.000000e+00
   7 6.0190501904e+02  -2.00e-07  3.87e-05    2.582528e+02  -4.269903e-01

After 7 iterations the fit converged.
final sum of squares of residuals : 601.905
rel. change during last iteration : -1.99909e-12

degrees of freedom    (FIT_NDF)                        : 5
rms of residuals      (FIT_STDFIT) = sqrt(WSSR/ndf)    : 10.9718
variance of residuals (reduced chisquare) = WSSR/ndf   : 120.381

Final set of parameters            Asymptotic Standard Error
=======================            ==========================
a               = 258.253          +/- 26.1         (10.1%)
b               = -0.42699         +/- 0.04774      (11.18%)

correlation matrix of the fit parameters:
                a      b      
a               1.000 
b              -0.987  1.000 


*******************************************************************************
Tue Mar  8 19:57:41 2016


FIT:    data read from "370b.csv" u 3:1
        format = x:z
        #datapoints = 7
        residuals are weighted equally (unit weight)

function used for fitting: f(x)
	f(x)=a+b*x
fitted parameters initialized with current variable values

iter      chisq       delta/lim  lambda   a             b            
   0 1.5261118099e+04   0.00e+00  7.07e-01    1.000000e+00   1.000000e+00
   3 1.0233438566e+04  -1.08e-02  7.07e-04    2.779998e+01   4.338288e+00

After 3 iterations the fit converged.
final sum of squares of residuals : 10233.4
rel. change during last iteration : -1.07838e-07

degrees of freedom    (FIT_NDF)                        : 5
rms of residuals      (FIT_STDFIT) = sqrt(WSSR/ndf)    : 45.2403
variance of residuals (reduced chisquare) = WSSR/ndf   : 2046.69

Final set of parameters            Asymptotic Standard Error
=======================            ==========================
a               = 27.8             +/- 59.83        (215.2%)
b               = 4.33829          +/- 1.37e+07     (3.157e+08%)

correlation matrix of the fit parameters:
                a      b      
a               1.000 
b              -0.958  1.000 


*******************************************************************************
Tue Mar  8 20:17:07 2016


FIT:    data read from "370c.csv" u 2:1
        format = x:z
        #datapoints = 5
        residuals are weighted equally (unit weight)

function used for fitting: f(x)
	f(x)=a*x
fitted parameters initialized with current variable values

iter      chisq       delta/lim  lambda   a            
   0 1.3397600000e+03   0.00e+00  3.32e+00    1.000000e+00
   3 1.3045600000e+03  -2.99e-04  3.32e-03    2.000000e-01

After 3 iterations the fit converged.
final sum of squares of residuals : 1304.56
rel. change during last iteration : -2.98607e-09

degrees of freedom    (FIT_NDF)                        : 4
rms of residuals      (FIT_STDFIT) = sqrt(WSSR/ndf)    : 18.0593
variance of residuals (reduced chisquare) = WSSR/ndf   : 326.14

Final set of parameters            Asymptotic Standard Error
=======================            ==========================
a               = 0.2              +/- 2.435        (1218%)


*******************************************************************************
Tue Mar  8 20:19:16 2016


FIT:    data read from "370c.csv" u 2:1
        format = x:z
        #datapoints = 5
        residuals are weighted equally (unit weight)

function used for fitting: f(x)
	f(x)=a*9.75*x
fitted parameters initialized with current variable values

iter      chisq       delta/lim  lambda   a            
   0 6.3206975000e+03   0.00e+00  3.23e+01    1.000000e+00
   3 1.3045600000e+03  -4.26e-02  3.23e-02    2.051283e-02

After 3 iterations the fit converged.
final sum of squares of residuals : 1304.56
rel. change during last iteration : -4.25527e-07

degrees of freedom    (FIT_NDF)                        : 4
rms of residuals      (FIT_STDFIT) = sqrt(WSSR/ndf)    : 18.0593
variance of residuals (reduced chisquare) = WSSR/ndf   : 326.14

Final set of parameters            Asymptotic Standard Error
=======================            ==========================
a               = 0.0205128        +/- 0.2498       (1218%)


*******************************************************************************
Wed Mar  9 16:43:40 2016


FIT:    data read from "370c.csv" u 2:1
        format = x:z
        #datapoints = 5
        residuals are weighted equally (unit weight)

function used for fitting: f(x)
	f(x)=a*x
fitted parameters initialized with current variable values

iter      chisq       delta/lim  lambda   a            
   0 1.3397600000e+03   0.00e+00  3.32e+00    1.000000e+00
   3 1.3045600000e+03  -2.99e-04  3.32e-03    2.000000e-01

After 3 iterations the fit converged.
final sum of squares of residuals : 1304.56
rel. change during last iteration : -2.98607e-09

degrees of freedom    (FIT_NDF)                        : 4
rms of residuals      (FIT_STDFIT) = sqrt(WSSR/ndf)    : 18.0593
variance of residuals (reduced chisquare) = WSSR/ndf   : 326.14

Final set of parameters            Asymptotic Standard Error
=======================            ==========================
a               = 0.2              +/- 2.435        (1218%)


*******************************************************************************
Wed Mar  9 16:45:15 2016


FIT:    data read from "370c.csv" u 2:1
        format = x:z
        #datapoints = 5
        residuals are weighted equally (unit weight)

function used for fitting: f(x)
	f(x)=a*x
fitted parameters initialized with current variable values

iter      chisq       delta/lim  lambda   a            
   0 3.3847760000e+04   0.00e+00  3.32e+00    1.000000e+00
   3 2.8361963636e+03  -1.21e-01  3.32e-03    2.474545e+01

After 3 iterations the fit converged.
final sum of squares of residuals : 2836.2
rel. change during last iteration : -1.21007e-06

degrees of freedom    (FIT_NDF)                        : 4
rms of residuals      (FIT_STDFIT) = sqrt(WSSR/ndf)    : 26.628
variance of residuals (reduced chisquare) = WSSR/ndf   : 709.049

Final set of parameters            Asymptotic Standard Error
=======================            ==========================
a               = 24.7455          +/- 3.591        (14.51%)


*******************************************************************************
Wed Mar  9 16:46:03 2016


FIT:    data read from "370c.csv" u 2:1
        format = x:z
        x range restricted to [0.00000 : 10.0000]
        #datapoints = 5
        residuals are weighted equally (unit weight)

function used for fitting: f(x)
	f(x)=a*x
fitted parameters initialized with current variable values

iter      chisq       delta/lim  lambda   a            
   0 3.3847760000e+04   0.00e+00  3.32e+00    1.000000e+00
   3 2.8361963636e+03  -1.21e-01  3.32e-03    2.474545e+01

After 3 iterations the fit converged.
final sum of squares of residuals : 2836.2
rel. change during last iteration : -1.21007e-06

degrees of freedom    (FIT_NDF)                        : 4
rms of residuals      (FIT_STDFIT) = sqrt(WSSR/ndf)    : 26.628
variance of residuals (reduced chisquare) = WSSR/ndf   : 709.049

Final set of parameters            Asymptotic Standard Error
=======================            ==========================
a               = 24.7455          +/- 3.591        (14.51%)


*******************************************************************************
Wed Mar  9 16:49:21 2016


FIT:    data read from "370c.csv" u 2:1
        format = x:z
        x range restricted to [0.00000 : 10.0000]
        #datapoints = 5
        residuals are weighted equally (unit weight)

function used for fitting: f(x)
	f(x)=a*x
fitted parameters initialized with current variable values

iter      chisq       delta/lim  lambda   a            
   0 1.8421360000e+04   0.00e+00  3.32e+00    1.000000e+00
   3 1.1017963636e+03  -1.74e-01  3.32e-03    1.874545e+01

After 3 iterations the fit converged.
final sum of squares of residuals : 1101.8
rel. change during last iteration : -1.73963e-06

degrees of freedom    (FIT_NDF)                        : 4
rms of residuals      (FIT_STDFIT) = sqrt(WSSR/ndf)    : 16.5967
variance of residuals (reduced chisquare) = WSSR/ndf   : 275.449

Final set of parameters            Asymptotic Standard Error
=======================            ==========================
a               = 18.7455          +/- 2.238        (11.94%)


*******************************************************************************
Wed Mar  9 16:50:02 2016


FIT:    data read from "370c.csv" u 2:1
        format = x:z
        #datapoints = 5
        residuals are weighted equally (unit weight)

function used for fitting: f(x)
	f(x)=a*x
fitted parameters initialized with current variable values

iter      chisq       delta/lim  lambda   a            
   0 1.8421360000e+04   0.00e+00  3.32e+00    1.000000e+00
   3 1.1017963636e+03  -1.74e-01  3.32e-03    1.874545e+01

After 3 iterations the fit converged.
final sum of squares of residuals : 1101.8
rel. change during last iteration : -1.73963e-06

degrees of freedom    (FIT_NDF)                        : 4
rms of residuals      (FIT_STDFIT) = sqrt(WSSR/ndf)    : 16.5967
variance of residuals (reduced chisquare) = WSSR/ndf   : 275.449

Final set of parameters            Asymptotic Standard Error
=======================            ==========================
a               = 18.7455          +/- 2.238        (11.94%)


*******************************************************************************
Wed Mar  9 16:52:36 2016


FIT:    data read from "370c.csv" u 2:1
        format = x:z
        x range restricted to [0.00000 : 6.00000]
        #datapoints = 5
        residuals are weighted equally (unit weight)

function used for fitting: f(x)
	f(x)=a*x
fitted parameters initialized with current variable values

iter      chisq       delta/lim  lambda   a            
   0 1.8421360000e+04   0.00e+00  3.32e+00    1.000000e+00
   3 1.1017963636e+03  -1.74e-01  3.32e-03    1.874545e+01

After 3 iterations the fit converged.
final sum of squares of residuals : 1101.8
rel. change during last iteration : -1.73963e-06

degrees of freedom    (FIT_NDF)                        : 4
rms of residuals      (FIT_STDFIT) = sqrt(WSSR/ndf)    : 16.5967
variance of residuals (reduced chisquare) = WSSR/ndf   : 275.449

Final set of parameters            Asymptotic Standard Error
=======================            ==========================
a               = 18.7455          +/- 2.238        (11.94%)


*******************************************************************************
Wed Mar  9 17:12:08 2016


FIT:    data read from "370b.csv" u 3:1
        format = x:z
        #datapoints = 7
        residuals are weighted equally (unit weight)

function used for fitting: f(x)
	f(x)=a+b*x
fitted parameters initialized with current variable values

iter      chisq       delta/lim  lambda   a             b            
   0 1.3391445336e+04   0.00e+00  2.82e+00    1.000000e+00   1.000000e+00
   4 7.3990896348e+01  -2.53e-01  2.82e-04   -9.979551e+01   3.455164e+01

After 4 iterations the fit converged.
final sum of squares of residuals : 73.9909
rel. change during last iteration : -2.53398e-06

degrees of freedom    (FIT_NDF)                        : 5
rms of residuals      (FIT_STDFIT) = sqrt(WSSR/ndf)    : 3.84684
variance of residuals (reduced chisquare) = WSSR/ndf   : 14.7982

Final set of parameters            Asymptotic Standard Error
=======================            ==========================
a               = -99.7955         +/- 5.082        (5.093%)
b               = 34.5516          +/- 1.319        (3.817%)

correlation matrix of the fit parameters:
                a      b      
a               1.000 
b              -0.958  1.000 


*******************************************************************************
Wed Mar  9 17:16:55 2016


FIT:    data read from "370b.csv" u 3:1
        format = x:z
        #datapoints = 7
        residuals are weighted equally (unit weight)

function used for fitting: f(x)
	f(x)=a+b*x
fitted parameters initialized with current variable values

iter      chisq       delta/lim  lambda   a             b            
   0 9.9206399806e+04   0.00e+00  2.82e+00    1.000000e+00   1.000000e+00
   4 7.3990896348e+01  -7.82e-03  2.82e-04   -9.795506e+00   3.455164e+01

After 4 iterations the fit converged.
final sum of squares of residuals : 73.9909
rel. change during last iteration : -7.8207e-08

degrees of freedom    (FIT_NDF)                        : 5
rms of residuals      (FIT_STDFIT) = sqrt(WSSR/ndf)    : 3.84684
variance of residuals (reduced chisquare) = WSSR/ndf   : 14.7982

Final set of parameters            Asymptotic Standard Error
=======================            ==========================
a               = -9.79551         +/- 5.082        (51.88%)
b               = 34.5516          +/- 1.319        (3.817%)

correlation matrix of the fit parameters:
                a      b      
a               1.000 
b              -0.958  1.000 
